Mind peers/app/build/intermediates/manifest_merge_blame_file/debug/manifest-merger-blame-debug-report.txt
1<?xml version="1.0" encoding="utf-8"?>
2<manifest xmlns:android="http://schemas.android.com/apk/res/android"
3    package="com.example.loginpage"
4    android:versionCode="1"
5    android:versionName="1.0" >
6
7    <uses-sdk
8        android:minSdkVersion="24"
8-->src/main/AndroidManifest.xml
9        android:targetSdkVersion="33" />
9-->src/main/AndroidManifest.xml
10
11    <permission
11-->[androidx.core:core:1.9.0] AndroidManifest.xml:22:5-24:47
12        android:name="com.example.loginpage.DYNAMIC_RECEIVER_NOT_EXPORTED_PERMISSION"
12-->[androidx.core:core:1.9.0] AndroidManifest.xml:23:9-81
13        android:protectionLevel="signature" />
13-->[androidx.core:core:1.9.0] AndroidManifest.xml:24:9-44
14
15    <uses-permission android:name="com.example.loginpage.DYNAMIC_RECEIVER_NOT_EXPORTED_PERMISSION" />
15-->[androidx.core:core:1.9.0] AndroidManifest.xml:26:5-97
15-->[androidx.core:core:1.9.0] AndroidManifest.xml:26:22-94
16
17    <application
17-->src/main/AndroidManifest.xml:5:5-34:19
18        android:allowBackup="true"
18-->src/main/AndroidManifest.xml:6:9-35
19        android:appComponentFactory="androidx.core.app.CoreComponentFactory"
19-->[androidx.core:core:1.9.0] AndroidManifest.xml:28:18-86
20        android:dataExtractionRules="@xml/data_extraction_rules"
20-->src/main/AndroidManifest.xml:7:9-65
21        android:debuggable="true"
22        android:extractNativeLibs="false"
23        android:fullBackupContent="@xml/backup_rules"
23-->src/main/AndroidManifest.xml:8:9-54
24        android:icon="@drawable/download"
24-->src/main/AndroidManifest.xml:9:9-42
25        android:label="@string/app_name"
25-->src/main/AndroidManifest.xml:10:9-41
26        android:roundIcon="@drawable/download"
26-->src/main/AndroidManifest.xml:11:9-47
27        android:supportsRtl="true"
27-->src/main/AndroidManifest.xml:12:9-35
28        android:theme="@style/Theme.LoginPage" >
28-->src/main/AndroidManifest.xml:13:9-47
29        <activity
29-->src/main/AndroidManifest.xml:15:9-17:40
30            android:name="com.example.loginpage.Login"
30-->src/main/AndroidManifest.xml:16:13-34
31            android:exported="false" />
31-->src/main/AndroidManifest.xml:17:13-37
32        <activity
32-->src/main/AndroidManifest.xml:18:9-26:20
33            android:name="com.example.loginpage.MainActivity"
33-->src/main/AndroidManifest.xml:19:13-41
34            android:exported="true" >
34-->src/main/AndroidManifest.xml:20:13-36
35            <intent-filter>
35-->src/main/AndroidManifest.xml:21:13-25:29
36                <action android:name="android.intent.action.MAIN" />
36-->src/main/AndroidManifest.xml:22:17-69
36-->src/main/AndroidManifest.xml:22:25-66
37
38                <category android:name="android.intent.category.LAUNCHER" />
38-->src/main/AndroidManifest.xml:24:17-77
38-->src/main/AndroidManifest.xml:24:27-74
39            </intent-filter>
40        </activity>
41        <activity
41-->src/main/AndroidManifest.xml:27:9-29:15
42            android:name="com.example.loginpage.Article"
42-->src/main/AndroidManifest.xml:27:19-42
43            android:label="@string/app_name" />
43-->src/main/AndroidManifest.xml:28:13-45
44
45        <meta-data
45-->src/main/AndroidManifest.xml:31:9-33:57
46            android:name="preloaded_fonts"
46-->src/main/AndroidManifest.xml:32:13-43
47            android:resource="@array/preloaded_fonts" />
47-->src/main/AndroidManifest.xml:33:13-54
48
49        <provider
49-->[androidx.emoji2:emoji2:1.2.0] AndroidManifest.xml:24:9-32:20
50            android:name="androidx.startup.InitializationProvider"
50-->[androidx.emoji2:emoji2:1.2.0] AndroidManifest.xml:25:13-67
51            android:authorities="com.example.loginpage.androidx-startup"
51-->[androidx.emoji2:emoji2:1.2.0] AndroidManifest.xml:26:13-68
52            android:exported="false" >
52-->[androidx.emoji2:emoji2:1.2.0] AndroidManifest.xml:27:13-37
53            <meta-data
53-->[androidx.emoji2:emoji2:1.2.0] AndroidManifest.xml:29:13-31:52
54                android:name="androidx.emoji2.text.EmojiCompatInitializer"
54-->[androidx.emoji2:emoji2:1.2.0] AndroidManifest.xml:30:17-75
55                android:value="androidx.startup" />
55-->[androidx.emoji2:emoji2:1.2.0] AndroidManifest.xml:31:17-49
56            <meta-data
56-->[androidx.lifecycle:lifecycle-process:2.4.1] AndroidManifest.xml:31:13-33:52
57                android:name="androidx.lifecycle.ProcessLifecycleInitializer"
57-->[androidx.lifecycle:lifecycle-process:2.4.1] AndroidManifest.xml:32:17-78
58                android:value="androidx.startup" />
58-->[androidx.lifecycle:lifecycle-process:2.4.1] AndroidManifest.xml:33:17-49
59            <meta-data
59-->[androidx.profileinstaller:profileinstaller:1.0.0] AndroidManifest.xml:31:13-33:52
60                android:name="androidx.profileinstaller.ProfileInstallerInitializer"
60-->[androidx.profileinstaller:profileinstaller:1.0.0] AndroidManifest.xml:32:17-85
61                android:value="androidx.startup" />
61-->[androidx.profileinstaller:profileinstaller:1.0.0] AndroidManifest.xml:33:17-49
62        </provider>
63
64        <receiver
64-->[androidx.profileinstaller:profileinstaller:1.0.0] AndroidManifest.xml:36:9-45:20
65            android:name="androidx.profileinstaller.ProfileInstallReceiver"
65-->[androidx.profileinstaller:profileinstaller:1.0.0] AndroidManifest.xml:37:13-76
66            android:directBootAware="false"
66-->[androidx.profileinstaller:profileinstaller:1.0.0] AndroidManifest.xml:38:13-44
67            android:enabled="true"
67-->[androidx.profileinstaller:profileinstaller:1.0.0] AndroidManifest.xml:39:13-35
68            android:exported="true"
68-->[androidx.profileinstaller:profileinstaller:1.0.0] AndroidManifest.xml:40:13-36
69            android:permission="android.permission.DUMP" >
69-->[androidx.profileinstaller:profileinstaller:1.0.0] AndroidManifest.xml:41:13-57
70            <intent-filter>
70-->[androidx.profileinstaller:profileinstaller:1.0.0] AndroidManifest.xml:42:13-44:29
71                <action android:name="androidx.profileinstaller.action.INSTALL_PROFILE" />
71-->[androidx.profileinstaller:profileinstaller:1.0.0] AndroidManifest.xml:43:17-91
71-->[androidx.profileinstaller:profileinstaller:1.0.0] AndroidManifest.xml:43:25-88
72            </intent-filter>
73        </receiver>
74    </application>
75
76</manifest>